{"numTotalTestSuites":1,"numPassedTestSuites":1,"numFailedTestSuites":0,"numPendingTestSuites":0,"numTotalTests":1,"numPassedTests":1,"numFailedTests":0,"numPendingTests":0,"numTodoTests":0,"snapshot":{"added":0,"failure":false,"filesAdded":0,"filesRemoved":0,"filesRemovedList":[],"filesUnmatched":0,"filesUpdated":0,"matched":0,"total":0,"unchecked":0,"uncheckedKeysByFile":[],"unmatched":0,"updated":0,"didUpdate":false},"startTime":1779466975645,"success":true,"testResults":[{"assertionResults":[{"ancestorTitles":[],"fullName":"add","status":"passed","title":"add","duration":1.8781999999999925,"failureMessages":[],"meta":{},"tags":[]}],"startTime":1779467000812,"endTime":1779467000813.8782,"status":"passed","message":"","name":"C:/Users/Ruda/Desktop/Development plan/shopping-list-manager/src/components/index.test.ts"}]}